0 info it worked if it ends with ok
1 verbose cli [ '/usr/bin/nodejs', '/usr/bin/npm', 'run', 'build' ]
2 info using npm@3.10.10
3 info using node@v6.11.2
4 verbose run-script [ 'prebuild', 'build', 'postbuild' ]
5 info lifecycle cep-request@1.0.0~prebuild: cep-request@1.0.0
6 silly lifecycle cep-request@1.0.0~prebuild: no script for prebuild, continuing
7 info lifecycle cep-request@1.0.0~build: cep-request@1.0.0
8 verbose lifecycle cep-request@1.0.0~build: unsafe-perm in lifecycle true
9 verbose lifecycle cep-request@1.0.0~build: PATH: /usr/lib/node_modules/npm/bin/node-gyp-bin:/home/web6951/Desktop/cep-request/node_modules/.bin:/usr/local/sbin:/usr/local/bin:/usr/sbin:/usr/bin:/sbin:/bin:/usr/games:/usr/local/games:/snap/bin:/usr/lib/jvm/java-8-oracle/bin:/usr/lib/jvm/java-8-oracle/db/bin:/usr/lib/jvm/java-8-oracle/jre/bin:/caelum/groovy/bin
10 verbose lifecycle cep-request@1.0.0~build: CWD: /home/web6951/Desktop/cep-request
11 silly lifecycle cep-request@1.0.0~build: Args: [ '-c', 'gulp' ]
12 silly lifecycle cep-request@1.0.0~build: Returned: code: 1  signal: null
13 info lifecycle cep-request@1.0.0~build: Failed to exec build script
14 verbose stack Error: cep-request@1.0.0 build: `gulp`
14 verbose stack Exit status 1
14 verbose stack     at EventEmitter.<anonymous> (/usr/lib/node_modules/npm/lib/utils/lifecycle.js:255:16)
14 verbose stack     at emitTwo (events.js:106:13)
14 verbose stack     at EventEmitter.emit (events.js:191:7)
14 verbose stack     at ChildProcess.<anonymous> (/usr/lib/node_modules/npm/lib/utils/spawn.js:40:14)
14 verbose stack     at emitTwo (events.js:106:13)
14 verbose stack     at ChildProcess.emit (events.js:191:7)
14 verbose stack     at maybeClose (internal/child_process.js:891:16)
14 verbose stack     at Process.ChildProcess._handle.onexit (internal/child_process.js:226:5)
15 verbose pkgid cep-request@1.0.0
16 verbose cwd /home/web6951/Desktop/cep-request
17 error Linux 4.4.0-93-generic
18 error argv "/usr/bin/nodejs" "/usr/bin/npm" "run" "build"
19 error node v6.11.2
20 error npm  v3.10.10
21 error code ELIFECYCLE
22 error cep-request@1.0.0 build: `gulp`
22 error Exit status 1
23 error Failed at the cep-request@1.0.0 build script 'gulp'.
23 error Make sure you have the latest version of node.js and npm installed.
23 error If you do, this is most likely a problem with the cep-request package,
23 error not with npm itself.
23 error Tell the author that this fails on your system:
23 error     gulp
23 error You can get information on how to open an issue for this project with:
23 error     npm bugs cep-request
23 error Or if that isn't available, you can get their info via:
23 error     npm owner ls cep-request
23 error There is likely additional logging output above.
24 verbose exit [ 1, true ]
